time="Fri Dec 4 18:43:49 CET 2020" level=info msg="Server BLE has just started" func=ble_rasbpi/logger.Info file="/home/edge7/go/src/ble_rasbpi/logger/logger.go:38"
time="Fri Dec 4 18:44:20 CET 2020" level=info msg="Server BLE has just started" func=ble_rasbpi/logger.Info file="/home/edge7/go/src/ble_rasbpi/logger/logger.go:37"
time="Fri Dec 4 18:44:28 CET 2020" level=info msg="Server BLE has just started" func=ble_rasbpi/logger.Info file="/home/edge7/go/src/ble_rasbpi/logger/logger.go:37"
time="Fri Dec 4 18:44:42 CET 2020" level=info msg="Server BLE has just started"
time="Fri Dec 4 18:47:02 CET 2020" level=info msg="Server BLE has just started"
time="Fri Dec 4 18:47:02 CET 2020" level=info msg="Got Humidity Soil value: ciao"
time="Fri Dec 4 18:47:12 CET 2020" level=info msg="Server BLE has just started"
time="Fri Dec 4 18:47:12 CET 2020" level=info msg="Got Humidity Soil value: %!(EXTRA string=ciao)"
time="Sat Dec 5 15:14:41 CET 2020" level=info msg="Server BLE has just started"
time="Sat Dec 5 15:17:53 CET 2020" level=info msg="Server BLE has just started"
time="Sat Dec 5 15:17:53 CET 2020" level=info msg="New value in dataLogger. Value is: 123.1 sensor is out_humidity"
time="Sat Dec 5 15:17:53 CET 2020" level=info msg="New value in dataLogger. Value is: 123.1 sensor is out_humidity"
time="Sat Dec 5 15:17:53 CET 2020" level=info msg="New value in dataLogger. Value is: 123.1 sensor is out_humidity"
time="Sat Dec 5 15:19:00 CET 2020" level=info msg="Server BLE has just started"
time="Sat Dec 5 15:19:00 CET 2020" level=info msg="New value in dataLogger. Value is: 123.1 sensor is out_humidity"
time="Sat Dec 5 15:19:00 CET 2020" level=info msg="New value in dataLogger. Value is: 123.1 sensor is out_humidity"
time="Sat Dec 5 15:19:00 CET 2020" level=info msg="New value in dataLogger. Value is: 123.1 sensor is out_humidity"
time="Sat Dec 5 15:19:00 CET 2020" level=info msg="New value in dataLogger. Value is: 123.1 sensor is out_humidity"
time="Sat Dec 5 15:19:00 CET 2020" level=info msg="New value in dataLogger. Value is: 123.1 sensor is out_humidity"
time="Sat Dec 5 15:19:00 CET 2020" level=info msg="New value in dataLogger. Value is: 123.1 sensor is out_humidity"
time="Sat Dec 5 15:20:11 CET 2020" level=info msg="Server BLE has just started"
time="Sat Dec 5 15:20:11 CET 2020" level=info msg="New value in dataLogger. Value is: 123.1 sensor is out_humidity"
time="Sat Dec 5 15:20:11 CET 2020" level=info msg="New value in dataLogger. Value is: 123.1 sensor is out_humidity"
time="Sat Dec 5 15:20:11 CET 2020" level=info msg="New value in dataLogger. Value is: 123.1 sensor is out_humidity"
time="Sat Dec 5 15:20:11 CET 2020" level=info msg="New value in dataLogger. Value is: 123.1 sensor is out_humidity"
time="Sat Dec 5 15:20:11 CET 2020" level=info msg="New value in dataLogger. Value is: 123.1 sensor is out_humidity"
time="Sat Dec 5 15:20:11 CET 2020" level=info msg="New value in dataLogger. Value is: 123.1 sensor is out_humidity"
time="Sat Dec 5 15:22:13 CET 2020" level=info msg="Server BLE has just started"
time="Sat Dec 5 15:22:13 CET 2020" level=info msg="New value in dataLogger. Value is: 123.1 sensor is out_humidity"
time="Sat Dec 5 15:22:13 CET 2020" level=info msg="New value in dataLogger. Value is: 123.1 sensor is out_humidity"
time="Sat Dec 5 15:22:13 CET 2020" level=info msg="New value in dataLogger. Value is: 123.1 sensor is out_humidity"
time="Sat Dec 5 15:22:13 CET 2020" level=info msg="New value in dataLogger. Value is: 123.1 sensor is out_humidity"
time="Sat Dec 5 15:22:13 CET 2020" level=info msg="New value in dataLogger. Value is: 123.1 sensor is out_humidity"
time="Sat Dec 5 15:22:13 CET 2020" level=info msg="New value in dataLogger. Value is: 123.1 sensor is out_humidity"
time="Sat Dec 5 15:22:13 CET 2020" level=info msg="Sensor: out_humidity. No Anomaly as diff is 0.000000"
time="Sat Dec 5 15:23:54 CET 2020" level=info msg="Server BLE has just started"
time="Sat Dec 5 15:23:54 CET 2020" level=info msg="New value in dataLogger. Value is: 123.1 sensor is out_humidity"
time="Sat Dec 5 15:23:54 CET 2020" level=info msg="New value in dataLogger. Value is: 123.1 sensor is out_humidity"
time="Sat Dec 5 15:23:54 CET 2020" level=info msg="New value in dataLogger. Value is: 123.1 sensor is out_humidity"
time="Sat Dec 5 15:23:54 CET 2020" level=info msg="New value in dataLogger. Value is: 123.1 sensor is out_humidity"
time="Sat Dec 5 15:23:54 CET 2020" level=info msg="New value in dataLogger. Value is: 123.1 sensor is out_humidity"
time="Sat Dec 5 15:25:16 CET 2020" level=info msg="Server BLE has just started"
time="Sat Dec 5 15:25:16 CET 2020" level=info msg="New value in dataLogger. Value is: 123.1 sensor is out_humidity"
time="Sat Dec 5 15:25:16 CET 2020" level=info msg="New value in dataLogger. Value is: 123.1 sensor is out_humidity"
time="Sat Dec 5 15:25:16 CET 2020" level=info msg="New value in dataLogger. Value is: 123.1 sensor is out_humidity"
time="Sat Dec 5 15:25:16 CET 2020" level=info msg="New value in dataLogger. Value is: 123.1 sensor is out_humidity"
time="Sat Dec 5 15:25:16 CET 2020" level=info msg="New value in dataLogger. Value is: 123.1 sensor is out_humidity"
time="Sat Dec 5 15:25:29 CET 2020" level=info msg="Server BLE has just started"
time="Sat Dec 5 15:25:29 CET 2020" level=info msg="New value in dataLogger. Value is: 123.1 sensor is out_humidity"
time="Sat Dec 5 15:25:29 CET 2020" level=info msg="New value in dataLogger. Value is: 123.1 sensor is out_humidity"
time="Sat Dec 5 15:25:29 CET 2020" level=info msg="New value in dataLogger. Value is: 123.1 sensor is out_humidity"
time="Sat Dec 5 15:25:29 CET 2020" level=info msg="New value in dataLogger. Value is: 123.1 sensor is out_humidity"
time="Sat Dec 5 15:25:29 CET 2020" level=info msg="New value in dataLogger. Value is: 123.1 sensor is out_humidity"
time="Sat Dec 5 15:25:29 CET 2020" level=info msg="New value in dataLogger. Value is: 123.1 sensor is out_humidity"
time="Sat Dec 5 15:25:29 CET 2020" level=info msg="Sensor: out_humidity. No Anomaly as diff is 0.000000"
time="Sat Dec 5 15:25:37 CET 2020" level=info msg="Server BLE has just started"
time="Sat Dec 5 15:25:37 CET 2020" level=info msg="New value in dataLogger. Value is: 123.1 sensor is out_humidity"
time="Sat Dec 5 15:25:37 CET 2020" level=info msg="New value in dataLogger. Value is: 123.1 sensor is out_humidity"
time="Sat Dec 5 15:25:37 CET 2020" level=info msg="New value in dataLogger. Value is: 123.1 sensor is out_humidity"
time="Sat Dec 5 15:25:37 CET 2020" level=info msg="New value in dataLogger. Value is: 123.1 sensor is out_humidity"
time="Sat Dec 5 15:25:37 CET 2020" level=info msg="New value in dataLogger. Value is: 123.1 sensor is out_humidity"
time="Sat Dec 5 15:25:37 CET 2020" level=info msg="New value in dataLogger. Value is: 1123.1 sensor is out_humidity"
time="Sat Dec 5 15:31:26 CET 2020" level=info msg="Server BLE has just started"
time="Sat Dec 5 15:31:26 CET 2020" level=info msg="New value in dataLogger. Value is: 123.1 sensor is out_humidity"
time="Sat Dec 5 15:31:26 CET 2020" level=info msg="New value in dataLogger. Value is: 123.1 sensor is out_humidity"
time="Sat Dec 5 15:31:26 CET 2020" level=info msg="New value in dataLogger. Value is: 123.1 sensor is out_humidity"
time="Sat Dec 5 15:31:26 CET 2020" level=info msg="New value in dataLogger. Value is: 123.1 sensor is out_humidity"
time="Sat Dec 5 15:31:26 CET 2020" level=info msg="New value in dataLogger. Value is: 123.1 sensor is out_humidity"
time="Sat Dec 5 15:31:26 CET 2020" level=info msg="New value in dataLogger. Value is: 1123.1 sensor is out_humidity"
time="Sat Dec 5 15:31:27 CET 2020" level=warning msg="List values:  __ 123.099998 __  __ 123.099998 __  __ 123.099998 __  __ 123.099998 __ "
time="Sat Dec 5 15:31:27 CET 2020" level=warning msg="Current value is: {1123.099976 {%!!(MISSING)f(uint64=13829151821072307411) %!!(MISSING)f(int64=2486187) %!!(MISSING)f(*time.Location=&{Local [{LMT 2996 false} {RMT 2996 false} {CEST 7200 true} {CET 3600 false} {CET 3600 false} {CEST 7200 true} {CEST 7200 true} {CET 3600 false}] [{-3252098996 1 false false} {-2403565200 3 false false} {-1690765200 2 false false} {-1680487200 3 false false} {-1664758800 2 true false} {-1648951200 3 true false} {-1635123600 2 true true} {-1616896800 3 true true} {-1604278800 2 false false} {-1585533600 3 false false} {-1571014800 2 false false} {-1555293600 3 false false} {-932432400 2 false false} {-857257200 4 false false} {-844556400 5 false false} {-830311200 2 false false} {-828226800 4 false false} {-812502000 5 false false} {-807156000 2 false false} {-798073200 4 false false} {-781052400 2 false false} {-766717200 3 false false} {-750898800 5 false false} {-733359600 4 false false} {-719456400 5 false false} {-701917200 4 false false} {-689209200 5 false false} {-670460400 4 false false} {-114051600 5 false false} {-103168800 3 false false} {-81997200 5 false false} {-71715600 4 false false} {-50547600 5 false false} {-40266000 4 false false} {-18493200 5 false false} {-8211600 4 false false} {12956400 5 false false} {23238000 4 false false} {43801200 5 false false} {54687600 4 false false} {75855600 5 false false} {86742000 4 false false} {107910000 5 false false} {118191600 4 false false} {138754800 5 false false} {149641200 4 false false} {170809200 5 false false} {181090800 4 false false} {202258800 5 false false} {212540400 4 false false} {233103600 5 false false} {243990000 4 false false} {265158000 5 false false} {276044400 4 false false} {296607600 5 false false} {307494000 4 false false} {315529200 3 false false} {323830800 6 false false} {338950800 7 false false} {354675600 6 false false} {370400400 7 false false} {386125200 6 false false} {401850000 7 false false} {417574800 6 false false} {433299600 7 false false} {449024400 6 false false} {465354000 7 false false} {481078800 6 false false} {496803600 7 false false} {512528400 6 false false} {528253200 7 false false} {543978000 6 false false} {559702800 7 false false} {575427600 6 false false} {591152400 7 false false} {606877200 6 false false} {622602000 7 false false} {638326800 6 false false} {654656400 7 false false} {670381200 6 false false} {686106000 7 false false} {701830800 6 false false} {717555600 7 false false} {733280400 6 false false} {749005200 7 false false} {764730000 6 false false} {780454800 7 false false} {796179600 6 false false} {811904400 7 false false} {828234000 6 false false} {846378000 7 false false} {859683600 6 false false} {877827600 7 false false} {891133200 6 false false} {909277200 7 false false} {922582800 6 false false} {941331600 7 false false} {954032400 6 false false} {972781200 7 false false} {985482000 6 false false} {1004230800 7 false false} {1017536400 6 false false} {1035680400 7 false false} {1048986000 6 false false} {1067130000 7 false false} {1080435600 6 false false} {1099184400 7 false false} {1111885200 6 false false} {1130634000 7 false false} {1143334800 6 false false} {1162083600 7 false false} {1174784400 6 false false} {1193533200 7 false false} {1206838800 6 false false} {1224982800 7 false false} {1238288400 6 false false} {1256432400 7 false false} {1269738000 6 false false} {1288486800 7 false false} {1301187600 6 false false} {1319936400 7 false false} {1332637200 6 false false} {1351386000 7 false false} {1364691600 6 false false} {1382835600 7 false false} {1396141200 6 false false} {1414285200 7 false false} {1427590800 6 false false} {1445734800 7 false false} {1459040400 6 false false} {1477789200 7 false false} {1490490000 6 false false} {1509238800 7 false false} {1521939600 6 false false} {1540688400 7 false false} {1553994000 6 false false} {1572138000 7 false false} {1585443600 6 false false} {1603587600 7 false false} {1616893200 6 false false} {1635642000 7 false false} {1648342800 6 false false} {1667091600 7 false false} {1679792400 6 false false} {1698541200 7 false false} {1711846800 6 false false} {1729990800 7 false false} {1743296400 6 false false} {1761440400 7 false false} {1774746000 6 false false} {1792890000 7 false false} {1806195600 6 false false} {1824944400 7 false false} {1837645200 6 false false} {1856394000 7 false false} {1869094800 6 false false} {1887843600 7 false false} {1901149200 6 false false} {1919293200 7 false false} {1932598800 6 false false} {1950742800 7 false false} {1964048400 6 false false} {1982797200 7 false false} {1995498000 6 false false} {2014246800 7 false false} {2026947600 6 false false} {2045696400 7 false false} {2058397200 6 false false} {2077146000 7 false false} {2090451600 6 false false} {2108595600 7 false false} {2121901200 6 false false} {2140045200 7 false false}] 1603587600 1616893200 0xc0001002e0})}}"
time="Sat Dec 5 15:32:12 CET 2020" level=info msg="Server BLE has just started"
time="Sat Dec 5 15:32:12 CET 2020" level=info msg="New value in dataLogger. Value is: 123.1 sensor is out_humidity"
time="Sat Dec 5 15:32:12 CET 2020" level=info msg="New value in dataLogger. Value is: 123.1 sensor is out_humidity"
time="Sat Dec 5 15:32:12 CET 2020" level=info msg="New value in dataLogger. Value is: 123.1 sensor is out_humidity"
time="Sat Dec 5 15:32:12 CET 2020" level=info msg="New value in dataLogger. Value is: 123.1 sensor is out_humidity"
time="Sat Dec 5 15:32:12 CET 2020" level=info msg="New value in dataLogger. Value is: 123.1 sensor is out_humidity"
time="Sat Dec 5 15:32:12 CET 2020" level=info msg="New value in dataLogger. Value is: 1123.1 sensor is out_humidity"
time="Sat Dec 5 15:32:13 CET 2020" level=warning msg="List values:  __ 123.099998 __  __ 123.099998 __  __ 123.099998 __  __ 123.099998 __ "
time="Sat Dec 5 15:32:13 CET 2020" level=warning msg="Current value is: 1123.099976"
